<?xml version="1.0" encoding="UTF-8"?>
<!-- Generated by org.testng.reporters.JUnitXMLReporter -->
<testsuite ignored="0" hostname="Yamunas-MacBook-Pro.local" failures="2" tests="9" name="Ebank Test" time="48.14" errors="0" timestamp="2020-05-10T19:35:45 PDT">
  <testcase classname="com.ebank.testPages.NewCustomerPageTest" name="verifyPageLabel" time="0.056"/>
  <testcase classname="com.ebank.testPages.NewCustomerPageTest" name="validateCreateNewcustomer" time="0.84"/>
  <testcase classname="com.ebank.testPages.NewCustomerPageTest" name="validateCreateNewcustomer" time="0.907"/>
  <testcase classname="com.ebank.testPages.LoginPageTest" name="loginPageTitle" time="0.034"/>
  <testcase classname="com.ebank.testPages.LoginPageTest" name="loginTest" time="0.611"/>
  <testcase classname="com.ebank.testPages.HomePageTest" name="verifyHomePageTitleTest" time="0.008">
    <failure type="java.lang.AssertionError" message="HomePage title not matched expected [GTPL Bank Manager HomePage] but found [GTPL Bank Home Page]">
      <![CDATA[java.lang.AssertionError: HomePage title not matched expected [GTPL Bank Manager HomePage] but found [GTPL Bank Home Page]
at com.ebank.testPages.HomePageTest.verifyHomePageTitleTest(HomePageTest.java:40)
at java.base/java.util.ArrayList.forEach(ArrayList.java:1540)
... Removed 31 stack frames]]>
    </failure>
  </testcase> <!-- verifyHomePageTitleTest -->
  <testcase classname="com.ebank.testPages.HomePageTest" name="verifyWelcomeLabelTest" time="0.03"/>
  <testcase classname="com.ebank.testPages.HomePageTest" name="verifyNewCustomerLink" time="0.399"/>
  <testcase classname="com.ebank.testPages.HomePageTest" name="verifyNewAccountLink" time="1.9">
    <failure type="org.openqa.selenium.ElementClickInterceptedException" message="element click intercepted: Element &amp;lt;a href=&amp;quot;addAccount.php&amp;quot;&amp;gt;...&amp;lt;/a&amp;gt; is not clickable at point (120, 463). Other element would receive the click: &amp;lt;td&amp;gt;...&amp;lt;/td&amp;gt;
  (Session info: chrome=81.0.4044.138)
Build info: version: &amp;apos;3.14.0&amp;apos;, revision: &amp;apos;aacccce0&amp;apos;, time: &amp;apos;2018-08-02T20:19:58.91Z&amp;apos;
System info: host: &amp;apos;Yamunas-MacBook-Pro.local&amp;apos;, ip: &amp;apos;fe80:0:0:0:809:c7f9:9d7f:c4cb%en0&amp;apos;, os.name: &amp;apos;Mac OS X&amp;apos;, os.arch: &amp;apos;x86_64&amp;apos;, os.version: &amp;apos;10.15.3&amp;apos;, java.version: &amp;apos;11.0.6&amp;apos;
Driver info: org.openqa.selenium.chrome.ChromeDriver
Capabilities {acceptInsecureCerts: false, browserName: chrome, browserVersion: 81.0.4044.138, chrome: {chromedriverVersion: 81.0.4044.20 (f006328e39a97..., userDataDir: /var/folders/0x/pmthr7td0vz...}, goog:chromeOptions: {debuggerAddress: localhost:59596}, javascriptEnabled: true, networkConnectionEnabled: false, pageLoadStrategy: normal, platform: MAC, platformName: MAC, proxy: Proxy(), setWindowRect: true, strictFileInteractability: false, timeouts: {implicit: 0, pageLoad: 300000, script: 30000}, unhandledPromptBehavior: dismiss and notify, webauthn:virtualAuthenticators: true}
Session ID: fe559a99a34c976c789712c53d6f53a5">
      <![CDATA[org.openqa.selenium.ElementClickInterceptedException: element click intercepted: Element <a href="addAccount.php">...</a> is not clickable at point (120, 463). Other element would receive the click: <td>...</td>
  (Session info: chrome=81.0.4044.138)
Build info: version: '3.14.0', revision: 'aacccce0', time: '2018-08-02T20:19:58.91Z'
System info: host: 'Yamunas-MacBook-Pro.local', ip: 'fe80:0:0:0:809:c7f9:9d7f:c4cb%en0', os.name: 'Mac OS X', os.arch: 'x86_64', os.version: '10.15.3', java.version: '11.0.6'
Driver info: org.openqa.selenium.chrome.ChromeDriver
Capabilities {acceptInsecureCerts: false, browserName: chrome, browserVersion: 81.0.4044.138, chrome: {chromedriverVersion: 81.0.4044.20 (f006328e39a97..., userDataDir: /var/folders/0x/pmthr7td0vz...}, goog:chromeOptions: {debuggerAddress: localhost:59596}, javascriptEnabled: true, networkConnectionEnabled: false, pageLoadStrategy: normal, platform: MAC, platformName: MAC, proxy: Proxy(), setWindowRect: true, strictFileInteractability: false, timeouts: {implicit: 0, pageLoad: 300000, script: 30000}, unhandledPromptBehavior: dismiss and notify, webauthn:virtualAuthenticators: true}
Session ID: fe559a99a34c976c789712c53d6f53a5
at org.openqa.selenium.remote.http.W3CHttpResponseCodec.createException(W3CHttpResponseCodec.java:187)
at org.openqa.selenium.remote.http.W3CHttpResponseCodec.decode(W3CHttpResponseCodec.java:122)
at org.openqa.selenium.remote.http.W3CHttpResponseCodec.decode(W3CHttpResponseCodec.java:49)
at org.openqa.selenium.remote.HttpCommandExecutor.execute(HttpCommandExecutor.java:158)
at org.openqa.selenium.remote.service.DriverCommandExecutor.execute(DriverCommandExecutor.java:83)
at org.openqa.selenium.remote.RemoteWebDriver.execute(RemoteWebDriver.java:548)
at org.openqa.selenium.remote.RemoteWebElement.execute(RemoteWebElement.java:276)
at org.openqa.selenium.remote.RemoteWebElement.click(RemoteWebElement.java:83)
at org.openqa.selenium.support.events.EventFiringWebDriver$EventFiringWebElement.lambda$new$0(EventFiringWebDriver.java:403)
at com.sun.proxy.$Proxy16.click(Unknown Source)
at org.openqa.selenium.support.events.EventFiringWebDriver$EventFiringWebElement.click(EventFiringWebDriver.java:416)
at org.openqa.selenium.support.pagefactory.internal.LocatingElementHandler.invoke(LocatingElementHandler.java:51)
at com.sun.proxy.$Proxy15.click(Unknown Source)
at com.ebank.pages.HomePage.clickNewAccountLink(HomePage.java:45)
at com.ebank.testPages.HomePageTest.verifyNewAccountLink(HomePageTest.java:56)
at java.base/java.util.ArrayList.forEach(ArrayList.java:1540)
... Removed 37 stack frames]]>
    </failure>
  </testcase> <!-- verifyNewAccountLink -->
</testsuite> <!-- Ebank Test -->
